<?xml version="1.0" encoding="UTF-8"?>
<!-- Generated by org.testng.reporters.JUnitXMLReporter -->
<testsuite ignored="12" hostname="DESKTOP-6JUGJ4I" failures="0" tests="1" name="TestChrome" time="9.324" errors="0" timestamp="2022-12-06T18:12:38 IST">
  <testcase classname="tests.RegisterPageTest" name="withoutAcceptingTerms" time="0.755"/>
  <testcase classname="tests.RegisterPageTest" name="testFunction2" time="0.0">
    <ignored/>
  </testcase> <!-- testFunction2 -->
  <testcase classname="tests.RegisterPageTest" name="providingShortPassword" time="0.0">
    <ignored/>
  </testcase> <!-- providingShortPassword -->
  <testcase classname="tests.RegisterPageTest" name="testFunction5" time="0.0">
    <ignored/>
  </testcase> <!-- testFunction5 -->
  <testcase classname="tests.RegisterPageTest" name="providingblankUserName" time="0.0">
    <ignored/>
  </testcase> <!-- providingblankUserName -->
  <testcase classname="tests.RegisterPageTest" name="testFunction4" time="0.0">
    <ignored/>
  </testcase> <!-- testFunction4 -->
  <testcase classname="tests.RegisterPageTest" name="testFunction7" time="0.0">
    <ignored/>
  </testcase> <!-- testFunction7 -->
  <testcase classname="tests.RegisterPageTest" name="testFunction6" time="0.0">
    <ignored/>
  </testcase> <!-- testFunction6 -->
  <testcase classname="tests.RegisterPageTest" name="providingValidRegistrationData" time="0.0">
    <ignored/>
  </testcase> <!-- providingValidRegistrationData -->
  <testcase classname="tests.RegisterPageTest" name="providingRegisteredEmail" time="0.0">
    <ignored/>
  </testcase> <!-- providingRegisteredEmail -->
  <testcase classname="tests.RegisterPageTest" name="providingblankEmail" time="0.0">
    <ignored/>
  </testcase> <!-- providingblankEmail -->
  <testcase classname="tests.RegisterPageTest" name="providingBlankPhoneNumber" time="0.0">
    <ignored/>
  </testcase> <!-- providingBlankPhoneNumber -->
  <testcase classname="tests.RegisterPageTest" name="testFunction3" time="0.0">
    <ignored/>
  </testcase> <!-- testFunction3 -->
</testsuite> <!-- TestChrome -->
