<?xml version="1.0" encoding="UTF-8"?>
<testsuite xmlns:xsi="http://www.w3.org/2001/XMLSchema-instance" xsi:noNamespaceSchemaLocation="https://maven.apache.org/surefire/maven-surefire-plugin/xsd/surefire-test-report.xsd" name="TestSuite" time="23.144" tests="2" errors="0" skipped="0" failures="0">
  <properties>
[...]
</properties>
  <testcase name="withoutAcceptingTerms" classname="tests.RegisterPageTest" time="0.758"/>
  <testcase name="withoutAcceptingTerms" classname="tests.RegisterPageTest" time="0.68"/>
</testsuite>